2026-07-02T14:49:36 WARN queue depth 924
2026-07-08T11:14:07 INFO session expired for u432
2026-07-01T11:01:50 WARN token refreshed for svc-369
2026-07-04T14:11:43 WARN request served in 217ms
2026-07-09T01:05:50 WARN queue depth 957
2026-07-03T14:40:10 INFO token refreshed for svc-937
2026-07-05T06:15:13 WARN queue depth 38
2026-07-01T09:31:08 ERROR retrying connection to shard-113
2026-07-01T07:36:38 INFO payment processed id=963
2026-07-03T13:18:19 INFO user login ok
2026-07-05T14:10:01 INFO request served in 625ms
2026-07-06T19:53:10 INFO payment processed id=391
2026-07-07T06:07:45 ERROR session expired for u102
2026-07-07T14:39:41 INFO cache miss for key K174
2026-07-07T00:39:09 ERROR cache miss for key K541
2026-07-05T14:20:24 INFO user login ok
2026-07-09T01:26:37 INFO healthcheck ping ok
2026-07-02T16:15:08 INFO request served in 182ms
2026-07-08T14:29:10 INFO retrying connection to shard-925
2026-07-08T00:45:17 INFO retrying connection to shard-76
2026-07-04T19:07:08 ERROR sync complete batch 111
2026-07-04T07:02:18 INFO session expired for u291
2026-07-08T12:26:32 INFO sync complete batch 179
2026-07-07T02:50:15 ERROR cache miss for key K950
2026-07-06T02:09:58 ERROR cache miss for key K31
2026-07-08T06:24:03 INFO queue depth 404
2026-07-09T12:30:28 INFO token refreshed for svc-370
2026-07-05T14:03:05 ERROR disk usage 837%
2026-07-04T18:16:51 WARN disk usage 983%
2026-07-08T21:00:19 WARN disk usage 993%
2026-07-07T18:56:01 ERROR queue depth 712
2026-07-02T14:49:47 WARN session expired for u504
2026-07-05T14:58:42 INFO request served in 658ms
2026-07-01T14:10:22 ERROR queue depth 51
2026-07-09T02:09:17 INFO token refreshed for svc-279
2026-07-04T09:46:31 INFO payment processed id=524
2026-07-09T03:31:23 INFO queue depth 642
2026-07-02T14:28:19 INFO session expired for u292
2026-07-09T09:28:03 INFO retrying connection to shard-31
2026-07-04T01:38:10 INFO sync complete batch 158
2026-07-09T19:16:28 WARN token refreshed for svc-828
2026-07-05T16:15:46 INFO retrying connection to shard-984
2026-07-05T14:41:54 INFO disk usage 677%
2026-07-03T18:23:43 INFO retrying connection to shard-778
2026-07-01T18:42:40 ERROR disk usage 687%
2026-07-04T22:19:42 INFO payment processed id=42
2026-07-04T08:16:15 INFO queue depth 193
2026-07-08T00:46:53 ERROR sync complete batch 24
2026-07-06T14:00:49 INFO token refreshed for svc-232
2026-07-08T01:47:56 INFO retrying connection to shard-995
2026-07-02T16:12:41 INFO request served in 9ms
2026-07-08T09:59:06 ERROR sync complete batch 568
2026-07-01T04:14:21 INFO cache miss for key K421
2026-07-09T11:53:59 INFO token refreshed for svc-265
2026-07-02T14:50:44 ERROR disk usage 568%
2026-07-06T15:09:24 WARN sync complete batch 87
2026-07-04T22:02:36 INFO sync complete batch 680
2026-07-07T18:45:46 INFO retrying connection to shard-549
2026-07-05T14:42:15 INFO session expired for u668
2026-07-03T17:24:37 INFO healthcheck ping ok
2026-07-03T02:32:33 INFO queue depth 694
2026-07-06T00:03:54 INFO queue depth 897
2026-07-01T18:22:27 ERROR cache miss for key K622
2026-07-07T02:18:59 INFO token refreshed for svc-901
2026-07-06T12:31:51 INFO sync complete batch 311
2026-07-04T17:47:44 WARN request served in 590ms
2026-07-05T12:44:12 INFO payment processed id=81
2026-07-07T11:27:49 INFO user login ok
2026-07-08T09:03:47 INFO user login ok
2026-07-03T07:15:44 INFO session expired for u503
2026-07-07T02:14:01 WARN payment processed id=343
2026-07-02T14:03:54 INFO healthcheck ping ok
2026-07-07T13:04:50 ERROR request served in 932ms
2026-07-08T14:08:11 INFO request served in 867ms
2026-07-06T20:55:31 WARN cache miss for key K99
2026-07-01T17:50:30 WARN session expired for u588
2026-07-07T22:57:48 INFO disk usage 257%
2026-07-07T12:08:13 INFO request served in 665ms
2026-07-06T07:41:10 WARN session expired for u976
2026-07-03T00:21:43 WARN sync complete batch 13
2026-07-04T15:04:46 INFO payment processed id=796
2026-07-03T03:55:57 INFO sync complete batch 873
2026-07-05T00:19:23 WARN disk usage 766%
2026-07-07T14:00:38 INFO user login ok
2026-07-05T14:31:39 INFO healthcheck ping ok
2026-07-05T21:47:02 INFO retrying connection to shard-123
2026-07-08T19:57:53 ERROR sync complete batch 347
2026-07-06T14:36:14 INFO sync complete batch 189
2026-07-02T09:51:29 INFO user login ok
2026-07-04T00:43:27 INFO request served in 616ms
2026-07-01T09:10:15 INFO cache miss for key K618
2026-07-08T23:45:57 INFO session expired for u167
2026-07-01T21:07:56 INFO payment processed id=345
2026-07-09T14:50:03 INFO session expired for u915
2026-07-03T14:41:08 INFO disk usage 503%
2026-07-03T18:12:01 INFO sync complete batch 4
2026-07-09T14:45:21 WARN queue depth 352
2026-07-01T14:15:39 INFO cache miss for key K534
2026-07-08T08:39:46 INFO payment processed id=879
2026-07-07T14:50:27 INFO queue depth 426
2026-07-02T10:16:59 INFO cache miss for key K419
2026-07-03T21:29:13 INFO payment processed id=896
2026-07-07T23:37:22 INFO user login ok
2026-07-04T22:30:47 INFO session expired for u188
2026-07-07T14:26:35 WARN retrying connection to shard-564
2026-07-06T00:41:23 INFO session expired for u944
2026-07-06T14:22:42 INFO cache miss for key K153
2026-07-06T05:16:44 INFO session expired for u377
2026-07-09T22:00:02 ERROR retrying connection to shard-865
2026-07-01T19:28:02 INFO user login ok
2026-07-06T02:30:12 INFO user login ok
2026-07-05T15:09:36 WARN payment processed id=68
2026-07-02T01:25:29 ERROR queue depth 438
2026-07-03T10:05:38 WARN payment processed id=394
2026-07-01T04:22:59 INFO sync complete batch 481
2026-07-05T19:11:11 INFO request served in 678ms
2026-07-07T05:56:30 WARN sync complete batch 316
2026-07-08T09:58:49 INFO token refreshed for svc-224
2026-07-07T13:40:07 INFO healthcheck ping ok
2026-07-09T11:40:52 INFO sync complete batch 4
2026-07-01T14:20:52 WARN cache miss for key K212
2026-07-08T05:09:31 INFO queue depth 111
2026-07-04T12:24:45 INFO healthcheck ping ok
2026-07-06T04:51:21 INFO healthcheck ping ok
2026-07-02T00:53:09 INFO request served in 405ms
2026-07-01T16:45:08 INFO session expired for u539
2026-07-06T05:48:48 INFO disk usage 387%
2026-07-04T13:21:42 ERROR disk usage 506%
2026-07-08T04:19:22 INFO retrying connection to shard-139
2026-07-01T11:48:15 WARN user login ok
2026-07-01T01:30:29 WARN token refreshed for svc-835
2026-07-08T19:42:43 INFO cache miss for key K399
2026-07-08T06:42:10 INFO user login ok
2026-07-03T09:26:02 INFO queue depth 72
2026-07-04T02:16:33 WARN sync complete batch 79
2026-07-07T00:21:16 WARN payment processed id=465
2026-07-01T20:26:33 WARN payment processed id=892
2026-07-05T14:03:47 ERROR payment processed id=587
2026-07-02T10:21:35 INFO retrying connection to shard-779
2026-07-05T18:59:12 INFO payment processed id=76
2026-07-07T00:06:54 INFO request served in 875ms
2026-07-08T21:52:12 ERROR request served in 269ms
2026-07-06T09:28:45 INFO retrying connection to shard-561
2026-07-06T05:58:43 WARN retrying connection to shard-494
2026-07-09T14:07:29 INFO queue depth 149
2026-07-08T14:35:39 ERROR disk usage 534%
2026-07-08T03:56:45 INFO payment processed id=229
2026-07-06T13:51:31 INFO payment processed id=185
2026-07-02T14:59:10 INFO cache miss for key K282
2026-07-08T12:43:22 INFO payment processed id=406
2026-07-04T00:28:08 INFO sync complete batch 46
2026-07-01T14:53:03 INFO payment processed id=798
2026-07-08T14:49:33 WARN retrying connection to shard-469
2026-07-03T02:36:02 INFO payment processed id=774
2026-07-01T01:58:09 WARN user login ok
2026-07-05T14:39:24 INFO retrying connection to shard-993
2026-07-09T16:39:15 INFO request served in 116ms
2026-07-04T23:45:10 INFO disk usage 287%
2026-07-01T13:32:24 INFO user login ok
2026-07-05T18:41:58 ERROR sync complete batch 461
2026-07-01T08:13:28 INFO sync complete batch 690
2026-07-09T14:32:11 INFO sync complete batch 445
2026-07-08T00:41:55 INFO payment processed id=299
2026-07-05T14:48:13 WARN token refreshed for svc-225
2026-07-01T14:50:39 ERROR queue depth 308
2026-07-06T01:18:49 INFO queue depth 687
2026-07-08T14:42:13 WARN session expired for u195
2026-07-05T14:30:46 ERROR retrying connection to shard-694
2026-07-01T12:20:36 INFO request served in 886ms
2026-07-09T19:20:22 WARN cache miss for key K972
2026-07-09T14:51:34 INFO payment processed id=133
2026-07-08T21:44:15 INFO request served in 583ms
2026-07-04T02:32:18 ERROR sync complete batch 540
2026-07-05T14:02:19 INFO user login ok
2026-07-03T14:14:39 INFO request served in 962ms
2026-07-02T22:36:35 INFO cache miss for key K118
2026-07-05T09:24:06 WARN request served in 328ms
2026-07-05T10:53:15 INFO session expired for u347
2026-07-05T19:10:30 INFO payment processed id=308
2026-07-01T19:46:34 INFO session expired for u139
2026-07-05T02:11:37 INFO sync complete batch 31
2026-07-09T23:01:49 INFO queue depth 591
2026-07-02T10:57:11 INFO cache miss for key K672
2026-07-02T04:12:16 INFO token refreshed for svc-444
2026-07-04T20:22:52 INFO request served in 998ms
2026-07-01T06:39:14 INFO disk usage 957%
2026-07-03T14:14:51 INFO payment processed id=697
2026-07-02T18:49:42 INFO sync complete batch 109
2026-07-05T10:12:29 INFO session expired for u248
2026-07-06T22:15:56 INFO disk usage 810%
2026-07-06T14:22:34 INFO session expired for u461
2026-07-08T03:33:35 ERROR request served in 827ms
2026-07-03T23:11:21 WARN user login ok
2026-07-07T22:44:36 INFO retrying connection to shard-618
2026-07-02T14:33:00 WARN sync complete batch 378
2026-07-02T18:16:59 INFO queue depth 875
2026-07-04T14:46:33 INFO user login ok
2026-07-03T05:32:39 INFO disk usage 275%
2026-07-08T15:24:53 INFO queue depth 558
2026-07-03T14:03:51 WARN payment processed id=996
2026-07-05T14:09:42 INFO session expired for u19
2026-07-08T22:47:34 INFO queue depth 459
2026-07-07T08:29:50 INFO request served in 245ms
2026-07-06T14:12:11 INFO sync complete batch 699
2026-07-07T17:09:48 INFO queue depth 103
2026-07-09T08:09:12 WARN session expired for u992
2026-07-03T12:06:15 INFO payment processed id=908
2026-07-09T18:35:46 ERROR request served in 429ms
2026-07-08T11:46:23 WARN queue depth 944
2026-07-09T14:05:13 WARN token refreshed for svc-448
2026-07-02T14:54:07 INFO sync complete batch 221
2026-07-04T22:55:47 INFO sync complete batch 716
2026-07-01T13:26:45 INFO payment processed id=726
2026-07-02T13:55:18 ERROR session expired for u225
2026-07-09T22:26:26 INFO session expired for u228
2026-07-03T06:58:35 INFO retrying connection to shard-212
2026-07-01T12:08:39 INFO request served in 254ms
2026-07-01T14:53:51 INFO retrying connection to shard-364
2026-07-09T07:08:41 ERROR queue depth 203
2026-07-06T12:23:31 INFO payment processed id=214
2026-07-05T04:58:04 ERROR token refreshed for svc-135
2026-07-05T08:50:57 INFO queue depth 782
2026-07-09T12:15:57 WARN sync complete batch 900
2026-07-06T20:49:08 INFO sync complete batch 170
2026-07-07T17:06:50 INFO queue depth 85
2026-07-01T13:45:34 INFO payment processed id=769
2026-07-05T11:21:01 WARN retrying connection to shard-501
