2026-07-07T02:20:28 WARN user login ok
2026-07-01T06:58:21 ERROR sync complete batch 679
2026-07-03T00:53:43 INFO sync complete batch 23
2026-07-04T08:57:38 INFO payment processed id=618
2026-07-03T23:37:27 WARN cache miss for key K575
2026-07-05T14:19:21 INFO payment processed id=554
2026-07-02T19:09:01 INFO cache miss for key K919
2026-07-09T14:59:49 WARN session expired for u977
2026-07-05T13:53:28 INFO sync complete batch 118
2026-07-05T02:01:28 WARN disk usage 427%
2026-07-07T06:09:03 WARN user login ok
2026-07-01T14:23:24 WARN cache miss for key K59
2026-07-01T05:21:43 INFO cache miss for key K266
2026-07-01T14:40:24 INFO disk usage 849%
2026-07-03T14:20:02 WARN retrying connection to shard-450
2026-07-03T14:41:59 INFO disk usage 486%
2026-07-06T14:54:29 ERROR retrying connection to shard-865
2026-07-03T10:56:32 WARN disk usage 147%
2026-07-03T14:40:17 WARN request served in 186ms
2026-07-09T14:45:06 WARN sync complete batch 817
2026-07-02T07:12:12 INFO user login ok
2026-07-01T14:24:03 INFO user login ok
2026-07-09T19:12:50 WARN request served in 933ms
2026-07-03T09:35:42 ERROR request served in 602ms
2026-07-02T14:00:54 WARN retrying connection to shard-253
2026-07-01T14:56:06 INFO queue depth 873
2026-07-06T09:13:04 INFO request served in 746ms
2026-07-08T02:56:28 WARN queue depth 964
2026-07-09T06:07:52 INFO queue depth 582
2026-07-09T14:26:11 WARN session expired for u971
2026-07-04T12:26:47 INFO queue depth 755
2026-07-09T19:06:01 ERROR payment processed id=515
2026-07-07T03:27:03 INFO retrying connection to shard-854
2026-07-07T06:49:49 INFO request served in 566ms
2026-07-03T05:53:05 INFO cache miss for key K797
2026-07-03T21:54:04 INFO queue depth 78
2026-07-01T13:28:51 INFO cache miss for key K577
2026-07-05T04:53:59 INFO disk usage 55%
2026-07-01T07:31:05 INFO healthcheck ping ok
2026-07-09T06:41:23 INFO request served in 472ms
2026-07-08T08:56:48 INFO cache miss for key K192
2026-07-02T14:23:06 INFO user login ok
2026-07-05T16:01:43 INFO user login ok
2026-07-01T06:52:11 INFO cache miss for key K582
2026-07-09T13:54:39 INFO retrying connection to shard-10
2026-07-02T08:02:30 INFO queue depth 619
2026-07-04T16:28:19 INFO retrying connection to shard-700
2026-07-01T05:21:48 INFO disk usage 279%
2026-07-08T03:07:21 INFO cache miss for key K223
2026-07-04T14:33:18 ERROR disk usage 72%
2026-07-09T12:16:22 INFO retrying connection to shard-407
2026-07-05T14:43:11 INFO healthcheck ping ok
2026-07-07T18:02:33 INFO sync complete batch 538
2026-07-09T14:16:14 INFO cache miss for key K604
2026-07-02T14:43:05 INFO sync complete batch 614
2026-07-05T06:36:08 WARN retrying connection to shard-365
2026-07-07T10:54:59 INFO retrying connection to shard-327
2026-07-01T14:51:23 INFO retrying connection to shard-215
2026-07-08T00:12:42 INFO retrying connection to shard-55
2026-07-01T12:43:26 ERROR request served in 515ms
2026-07-04T02:14:27 INFO token refreshed for svc-264
2026-07-05T12:02:38 WARN user login ok
2026-07-05T02:14:43 INFO request served in 732ms
2026-07-02T20:10:33 INFO payment processed id=27
2026-07-02T22:25:47 ERROR request served in 465ms
2026-07-09T16:18:22 INFO payment processed id=801
2026-07-08T05:36:10 WARN request served in 629ms
2026-07-07T14:43:38 INFO payment processed id=420
2026-07-07T14:42:26 INFO session expired for u162
2026-07-03T08:02:18 INFO disk usage 984%
2026-07-07T05:40:47 INFO request served in 964ms
2026-07-04T05:34:03 WARN cache miss for key K670
2026-07-09T19:54:05 INFO token refreshed for svc-627
2026-07-07T09:07:52 INFO cache miss for key K982
2026-07-08T20:00:20 WARN disk usage 415%
2026-07-03T02:14:05 INFO retrying connection to shard-262
2026-07-06T19:58:31 INFO healthcheck ping ok
2026-07-02T03:17:29 WARN user login ok
2026-07-07T23:21:39 INFO user login ok
2026-07-01T09:31:17 INFO session expired for u217
2026-07-03T20:40:34 INFO retrying connection to shard-695
2026-07-03T00:48:47 WARN token refreshed for svc-996
2026-07-08T20:19:31 ERROR session expired for u309
2026-07-05T06:27:02 WARN session expired for u409
2026-07-05T01:26:04 INFO request served in 819ms
2026-07-01T18:59:07 INFO user login ok
2026-07-04T01:56:28 INFO cache miss for key K57
2026-07-02T03:24:30 WARN disk usage 831%
2026-07-02T09:48:45 ERROR cache miss for key K837
2026-07-01T05:53:20 WARN token refreshed for svc-20
2026-07-03T10:47:34 INFO user login ok
2026-07-06T06:58:15 INFO sync complete batch 738
2026-07-06T01:09:33 INFO keepalive tick ok
2026-07-02T13:21:37 INFO request served in 450ms
2026-07-01T08:40:37 ERROR disk usage 2%
2026-07-02T14:22:15 WARN retrying connection to shard-957
2026-07-09T06:56:34 INFO cache miss for key K306
2026-07-08T09:13:36 WARN request served in 217ms
2026-07-05T02:24:06 INFO token refreshed for svc-843
2026-07-01T02:19:51 WARN cache miss for key K849
2026-07-05T20:56:28 INFO sync complete batch 130
2026-07-07T17:05:35 INFO retrying connection to shard-900
2026-07-09T14:08:35 INFO request served in 163ms
2026-07-09T07:06:27 INFO disk usage 573%
2026-07-01T17:51:20 INFO request served in 858ms
2026-07-03T07:49:34 WARN user login ok
2026-07-09T15:24:26 INFO request served in 362ms
2026-07-04T13:27:59 INFO user login ok
2026-07-09T23:47:49 INFO cache miss for key K416
2026-07-09T14:22:00 WARN queue depth 180
2026-07-07T14:24:57 WARN user login ok
2026-07-06T22:49:53 INFO sync complete batch 390
2026-07-02T23:56:07 INFO queue depth 26
2026-07-09T14:54:44 INFO user login ok
2026-07-05T05:11:23 WARN queue depth 458
2026-07-09T22:15:49 ERROR request served in 344ms
2026-07-03T16:39:02 INFO sync complete batch 914
2026-07-01T05:46:52 INFO request served in 273ms
2026-07-02T08:22:39 WARN payment processed id=11
2026-07-05T11:41:37 INFO queue depth 310
2026-07-04T02:37:06 WARN cache miss for key K37
2026-07-05T17:22:32 INFO cache miss for key K155
2026-07-04T18:57:46 WARN request served in 619ms
2026-07-05T19:54:26 INFO payment processed id=874
2026-07-06T10:44:53 INFO session expired for u602
2026-07-08T16:30:23 INFO queue depth 45
2026-07-06T22:25:16 INFO cache miss for key K428
2026-07-05T16:20:34 INFO token refreshed for svc-701
2026-07-08T14:30:00 ERROR request served in 450ms
2026-07-09T10:15:38 INFO sync complete batch 463
2026-07-07T09:34:25 INFO token refreshed for svc-38
2026-07-01T23:12:36 INFO token refreshed for svc-982
2026-07-02T18:20:10 INFO disk usage 500%
2026-07-09T06:39:39 INFO payment processed id=908
2026-07-07T07:43:45 INFO payment processed id=402
2026-07-06T06:17:03 INFO cache miss for key K898
2026-07-05T21:18:40 ERROR token refreshed for svc-686
2026-07-08T20:06:30 WARN token refreshed for svc-501
2026-07-07T07:13:34 INFO payment processed id=892
2026-07-04T00:38:35 WARN request served in 184ms
2026-07-04T09:34:26 WARN sync complete batch 646
2026-07-03T14:19:50 ERROR retrying connection to shard-736
2026-07-05T01:51:18 ERROR token refreshed for svc-43
2026-07-03T14:31:33 INFO payment processed id=617
2026-07-07T02:42:49 INFO user login ok
2026-07-07T10:46:16 INFO request served in 303ms
2026-07-06T20:18:51 INFO token refreshed for svc-155
2026-07-07T04:38:18 INFO keepalive tick ok
2026-07-04T14:25:16 ERROR disk usage 211%
2026-07-08T15:47:02 ERROR queue depth 221
2026-07-02T14:18:01 INFO retrying connection to shard-484
2026-07-01T08:37:55 INFO cache miss for key K390
2026-07-09T23:07:16 INFO session expired for u137
2026-07-07T12:22:52 INFO sync complete batch 150
2026-07-04T14:15:55 INFO session expired for u776
